<?xml version="1.0" encoding="UTF-8"?>
<testsuite xmlns:xsi="http://www.w3.org/2001/XMLSchema-instance" xsi:schemaLocation="https://maven.apache.org/surefire/maven-surefire-plugin/xsd/surefire-test-report.xsd" name="bzr.demo.concurrency.examples.VolatileTest" time="0.044" tests="8" errors="0" skipped="0" failures="0">
  <properties>
[...]
</properties>
  <testcase name="countUnprotected" classname="bzr.demo.concurrency.examples.VolatileTest" time="0.026"/>
  <testcase name="countUnprotected2" classname="bzr.demo.concurrency.examples.VolatileTest" time="0.001"/>
  <testcase name="countSynchronized" classname="bzr.demo.concurrency.examples.VolatileTest" time="0.002"/>
  <testcase name="countVolatile" classname="bzr.demo.concurrency.examples.VolatileTest" time="0.001"/>
  <testcase name="countAtomic" classname="bzr.demo.concurrency.examples.VolatileTest" time="0.001"/>
  <testcase name="countUnprotectedLatched" classname="bzr.demo.concurrency.examples.VolatileTest" time="0.001"/>
  <testcase name="countVolatileLatched" classname="bzr.demo.concurrency.examples.VolatileTest" time="0.001"/>
  <testcase name="countAtomicLatched" classname="bzr.demo.concurrency.examples.VolatileTest" time="0.001"/>
</testsuite>